-------------------------------------------------------------------------------
Test set: com.demo.nopcommerce.cucumber.CukeTest
-------------------------------------------------------------------------------
Tests run: 1, Failures: 0, Errors: 1, Skipped: 0, Time elapsed: 2.901 s <<< FAILURE! - in com.demo.nopcommerce.cucumber.CukeTest
initializationError(com.demo.nopcommerce.cucumber.CukeTest)  Time elapsed: 0.036 s  <<< ERROR!
java.lang.IllegalArgumentException: Not a file or directory: C:\IdeaProjects\Sejal-Cucumber-Project\nopCommerce-Cucumber-Project\registerLink

