<?xml version="1.0" encoding="UTF-8"?>
<testsuite xmlns:xsi="http://www.w3.org/2001/XMLSchema-instance" xsi:noNamespaceSchemaLocation="https://maven.apache.org/surefire/maven-surefire-plugin/xsd/surefire-test-report.xsd" name="com.demo.nopcommerce.cucumber.CukeTest" time="211.122" tests="45" errors="2" skipped="3" failures="4">
  <properties>
[...]
</properties>
  <testcase name="Given User is on home page" classname="| Square1 | Male | Sheth | 2 | May | 2009 | abc@gmail.com | abc123 | 123123 |  | The password and confirmation password do not match. |" time="0.005"/>
  <testcase name="When User clicks on register link" classname="| Square1 | Male | Sheth | 2 | May | 2009 | abc@gmail.com | abc123 | 123123 |  | The password and confirmation password do not match. |" time="0"/>
  <testcase name="And User clicks on &quot;Male&quot; gender radio button" classname="| Square1 | Male | Sheth | 2 | May | 2009 | abc@gmail.com | abc123 | 123123 |  | The password and confirmation password do not match. |" time="0"/>
  <testcase name="And User enters last name &quot;Sheth&quot;" classname="| Square1 | Male | Sheth | 2 | May | 2009 | abc@gmail.com | abc123 | 123123 |  | The password and confirmation password do not match. |" time="0"/>
  <testcase name="And User enters day &quot;2&quot;" classname="| Square1 | Male | Sheth | 2 | May | 2009 | abc@gmail.com | abc123 | 123123 |  | The password and confirmation password do not match. |" time="0"/>
  <testcase name="And User enters month &quot;May&quot;" classname="| Square1 | Male | Sheth | 2 | May | 2009 | abc@gmail.com | abc123 | 123123 |  | The password and confirmation password do not match. |" time="0.002"/>
  <testcase name="And User enters year &quot;2009&quot;" classname="| Square1 | Male | Sheth | 2 | May | 2009 | abc@gmail.com | abc123 | 123123 |  | The password and confirmation password do not match. |" time="0"/>
  <testcase name="And User enters email address &quot;abc@gmail.com&quot;" classname="| Square1 | Male | Sheth | 2 | May | 2009 | abc@gmail.com | abc123 | 123123 |  | The password and confirmation password do not match. |" time="0"/>
  <testcase name="And User enters company name &quot;Square1&quot;" classname="| Square1 | Male | Sheth | 2 | May | 2009 | abc@gmail.com | abc123 | 123123 |  | The password and confirmation password do not match. |" time="0"/>
  <testcase name="And User enters register password &quot;abc123&quot;" classname="| Square1 | Male | Sheth | 2 | May | 2009 | abc@gmail.com | abc123 | 123123 |  | The password and confirmation password do not match. |" time="0"/>
  <testcase name="And User enters register confirm password &quot;123123&quot;" classname="| Square1 | Male | Sheth | 2 | May | 2009 | abc@gmail.com | abc123 | 123123 |  | The password and confirmation password do not match. |" time="0"/>
  <testcase name="And User clicks on Register button" classname="| Square1 | Male | Sheth | 2 | May | 2009 | abc@gmail.com | abc123 | 123123 |  | The password and confirmation password do not match. |" time="0"/>
  <testcase name="Then User should see the error message &quot;&quot; on register page" classname="| Square1 | Male | Sheth | 2 | May | 2009 | abc@gmail.com | abc123 | 123123 |  | The password and confirmation password do not match. |" time="0.016">
    <failure message="expected:&lt;[]&gt; but was:&lt;[The password and confirmation password do not match.]&gt;" type="org.junit.ComparisonFailure"><![CDATA[org.junit.ComparisonFailure: expected:<[]> but was:<[The password and confirmation password do not match.]>
]]></failure>
  </testcase>
  <testcase name="| Square1 | Male | Sheth | 2 | May | 2009 | abc@gmail.com | abc123 | 123123 |  | The password and confirmation password do not match. |" classname="| Square1 | Male | Sheth | 2 | May | 2009 | abc@gmail.com | abc123 | 123123 |  | The password and confirmation password do not match. |" time="0.017">
    <failure message="expected:&lt;[]&gt; but was:&lt;[The password and confirmation password do not match.]&gt;" type="org.junit.ComparisonFailure"><![CDATA[org.junit.ComparisonFailure: expected:<[]> but was:<[The password and confirmation password do not match.]>
]]></failure>
  </testcase>
  <testcase name="Then User should see the error message &quot;The password and confirmation password do not match.&quot; on register page" classname="| Square1 | Male | Sheth | 2 | May | 2009 | abc@gmail.com | abc123 | 123123 |  | The password and confirmation password do not match. |" time="0">
    <skipped/>
  </testcase>
  <testcase name="Given User is on home page" classname="| leicester1 | Male | 2123 | 2 | May | 2009 | abc@gmail.com | abc123 |  |  | Password is required. |" time="0"/>
  <testcase name="When User clicks on register link" classname="| leicester1 | Male | 2123 | 2 | May | 2009 | abc@gmail.com | abc123 |  |  | Password is required. |" time="0"/>
  <testcase name="And User clicks on &quot;Male&quot; gender radio button" classname="| leicester1 | Male | 2123 | 2 | May | 2009 | abc@gmail.com | abc123 |  |  | Password is required. |" time="0"/>
  <testcase name="And User enters last name &quot;2123&quot;" classname="| leicester1 | Male | 2123 | 2 | May | 2009 | abc@gmail.com | abc123 |  |  | Password is required. |" time="0"/>
  <testcase name="And User enters day &quot;2&quot;" classname="| leicester1 | Male | 2123 | 2 | May | 2009 | abc@gmail.com | abc123 |  |  | Password is required. |" time="0"/>
  <testcase name="And User enters month &quot;May&quot;" classname="| leicester1 | Male | 2123 | 2 | May | 2009 | abc@gmail.com | abc123 |  |  | Password is required. |" time="0"/>
  <testcase name="And User enters year &quot;2009&quot;" classname="| leicester1 | Male | 2123 | 2 | May | 2009 | abc@gmail.com | abc123 |  |  | Password is required. |" time="0"/>
  <testcase name="And User enters email address &quot;abc@gmail.com&quot;" classname="| leicester1 | Male | 2123 | 2 | May | 2009 | abc@gmail.com | abc123 |  |  | Password is required. |" time="0"/>
  <testcase name="And User enters company name &quot;leicester1&quot;" classname="| leicester1 | Male | 2123 | 2 | May | 2009 | abc@gmail.com | abc123 |  |  | Password is required. |" time="0"/>
  <testcase name="And User enters register password &quot;abc123&quot;" classname="| leicester1 | Male | 2123 | 2 | May | 2009 | abc@gmail.com | abc123 |  |  | Password is required. |" time="0"/>
  <testcase name="And User enters register confirm password &quot;&quot;" classname="| leicester1 | Male | 2123 | 2 | May | 2009 | abc@gmail.com | abc123 |  |  | Password is required. |" time="0"/>
  <testcase name="And User clicks on Register button" classname="| leicester1 | Male | 2123 | 2 | May | 2009 | abc@gmail.com | abc123 |  |  | Password is required. |" time="0"/>
  <testcase name="Then User should see the error message &quot;&quot; on register page" classname="| leicester1 | Male | 2123 | 2 | May | 2009 | abc@gmail.com | abc123 |  |  | Password is required. |" time="0.003">
    <failure message="expected:&lt;[]&gt; but was:&lt;[First name is required.]&gt;" type="org.junit.ComparisonFailure"><![CDATA[org.junit.ComparisonFailure: expected:<[]> but was:<[First name is required.]>
]]></failure>
  </testcase>
  <testcase name="| leicester1 | Male | 2123 | 2 | May | 2009 | abc@gmail.com | abc123 |  |  | Password is required. |" classname="| leicester1 | Male | 2123 | 2 | May | 2009 | abc@gmail.com | abc123 |  |  | Password is required. |" time="0.006">
    <failure message="expected:&lt;[]&gt; but was:&lt;[First name is required.]&gt;" type="org.junit.ComparisonFailure"><![CDATA[org.junit.ComparisonFailure: expected:<[]> but was:<[First name is required.]>
]]></failure>
  </testcase>
  <testcase name="Then User should see the error message &quot;Password is required.&quot; on register page" classname="| leicester1 | Male | 2123 | 2 | May | 2009 | abc@gmail.com | abc123 |  |  | Password is required. |" time="0">
    <skipped/>
  </testcase>
  <testcase name="Given User is on home page" classname="| leicester1 | Male | 2123 | 2 | May | 2009 | abc@gmail.com |  | abc123 | Password is required. | The password and confirmation password do not match. |" time="0"/>
  <testcase name="When User clicks on register link" classname="| leicester1 | Male | 2123 | 2 | May | 2009 | abc@gmail.com |  | abc123 | Password is required. | The password and confirmation password do not match. |" time="0"/>
  <testcase name="And User clicks on &quot;Male&quot; gender radio button" classname="| leicester1 | Male | 2123 | 2 | May | 2009 | abc@gmail.com |  | abc123 | Password is required. | The password and confirmation password do not match. |" time="0"/>
  <testcase name="And User enters last name &quot;2123&quot;" classname="| leicester1 | Male | 2123 | 2 | May | 2009 | abc@gmail.com |  | abc123 | Password is required. | The password and confirmation password do not match. |" time="0"/>
  <testcase name="And User enters day &quot;2&quot;" classname="| leicester1 | Male | 2123 | 2 | May | 2009 | abc@gmail.com |  | abc123 | Password is required. | The password and confirmation password do not match. |" time="0"/>
  <testcase name="And User enters month &quot;May&quot;" classname="| leicester1 | Male | 2123 | 2 | May | 2009 | abc@gmail.com |  | abc123 | Password is required. | The password and confirmation password do not match. |" time="0"/>
  <testcase name="And User enters year &quot;2009&quot;" classname="| leicester1 | Male | 2123 | 2 | May | 2009 | abc@gmail.com |  | abc123 | Password is required. | The password and confirmation password do not match. |" time="0"/>
  <testcase name="And User enters email address &quot;abc@gmail.com&quot;" classname="| leicester1 | Male | 2123 | 2 | May | 2009 | abc@gmail.com |  | abc123 | Password is required. | The password and confirmation password do not match. |" time="0"/>
  <testcase name="And User enters company name &quot;leicester1&quot;" classname="| leicester1 | Male | 2123 | 2 | May | 2009 | abc@gmail.com |  | abc123 | Password is required. | The password and confirmation password do not match. |" time="0"/>
  <testcase name="And User enters register password &quot;&quot;" classname="| leicester1 | Male | 2123 | 2 | May | 2009 | abc@gmail.com |  | abc123 | Password is required. | The password and confirmation password do not match. |" time="0"/>
  <testcase name="And User enters register confirm password &quot;abc123&quot;" classname="| leicester1 | Male | 2123 | 2 | May | 2009 | abc@gmail.com |  | abc123 | Password is required. | The password and confirmation password do not match. |" time="0"/>
  <testcase name="And User clicks on Register button" classname="| leicester1 | Male | 2123 | 2 | May | 2009 | abc@gmail.com |  | abc123 | Password is required. | The password and confirmation password do not match. |" time="0"/>
  <testcase name="Then User should see the error message &quot;Password is required.&quot; on register page" classname="| leicester1 | Male | 2123 | 2 | May | 2009 | abc@gmail.com |  | abc123 | Password is required. | The password and confirmation password do not match. |" time="0.003">
    <error message="no such element: Unable to locate element: {&quot;method&quot;:&quot;xpath&quot;,&quot;selector&quot;:&quot;//span[@class=&apos;field-validation-error&apos;]&quot;}&#10;  (Session info: chrome=89.0.4389.90)&#10;For documentation on this error, please visit: https://www.seleniumhq.org/exceptions/no_such_element.html&#10;Build info: version: &apos;3.141.59&apos;, revision: &apos;e82be7d358&apos;, time: &apos;2018-11-14T08:17:03&apos;&#10;System info: host: &apos;DESKTOP-3M1HFB0&apos;, ip: &apos;192.168.0.13&apos;, os.name: &apos;Windows 10&apos;, os.arch: &apos;amd64&apos;, os.version: &apos;10.0&apos;, java.version: &apos;1.8.0_121&apos;&#10;Driver info: org.openqa.selenium.chrome.ChromeDriver&#10;Capabilities {acceptInsecureCerts: false, browserName: chrome, browserVersion: 89.0.4389.90, chrome: {chromedriverVersion: 89.0.4389.23 (61b08ee2c5002..., userDataDir: C:\Users\HEMALS~1\AppData\L...}, goog:chromeOptions: {debuggerAddress: localhost:56340}, javascriptEnabled: true, networkConnectionEnabled: false, pageLoadStrategy: normal, platform: WINDOWS, platformName: WINDOWS, proxy: Proxy(), setWindowRect: true, strictFileInteractability: false, timeouts: {implicit: 0, pageLoad: 300000, script: 30000}, unhandledPromptBehavior: dismiss and notify, webauthn:extension:largeBlob: true, webauthn:virtualAuthenticators: true}&#10;Session ID: 52c86200289e888b97495dcb80a3d87c&#10;*** Element info: {Using=xpath, value=//span[@class=&apos;field-validation-error&apos;]}" type="org.openqa.selenium.NoSuchElementException">org.openqa.selenium.NoSuchElementException: 
no such element: Unable to locate element: {"method":"xpath","selector":"//span[@class='field-validation-error']"}
  (Session info: chrome=89.0.4389.90)
For documentation on this error, please visit: https://www.seleniumhq.org/exceptions/no_such_element.html
Build info: version: '3.141.59', revision: 'e82be7d358', time: '2018-11-14T08:17:03'
System info: host: 'DESKTOP-3M1HFB0', ip: '192.168.0.13', os.name: 'Windows 10', os.arch: 'amd64', os.version: '10.0', java.version: '1.8.0_121'
Driver info: org.openqa.selenium.chrome.ChromeDriver
Capabilities {acceptInsecureCerts: false, browserName: chrome, browserVersion: 89.0.4389.90, chrome: {chromedriverVersion: 89.0.4389.23 (61b08ee2c5002..., userDataDir: C:\Users\HEMALS~1\AppData\L...}, goog:chromeOptions: {debuggerAddress: localhost:56340}, javascriptEnabled: true, networkConnectionEnabled: false, pageLoadStrategy: normal, platform: WINDOWS, platformName: WINDOWS, proxy: Proxy(), setWindowRect: true, strictFileInteractability: false, timeouts: {implicit: 0, pageLoad: 300000, script: 30000}, unhandledPromptBehavior: dismiss and notify, webauthn:extension:largeBlob: true, webauthn:virtualAuthenticators: true}
Session ID: 52c86200289e888b97495dcb80a3d87c
*** Element info: {Using=xpath, value=//span[@class='field-validation-error']}
</error>
  </testcase>
  <testcase name="| leicester1 | Male | 2123 | 2 | May | 2009 | abc@gmail.com |  | abc123 | Password is required. | The password and confirmation password do not match. |" classname="| leicester1 | Male | 2123 | 2 | May | 2009 | abc@gmail.com |  | abc123 | Password is required. | The password and confirmation password do not match. |" time="0.004">
    <error message="no such element: Unable to locate element: {&quot;method&quot;:&quot;xpath&quot;,&quot;selector&quot;:&quot;//span[@class=&apos;field-validation-error&apos;]&quot;}&#10;  (Session info: chrome=89.0.4389.90)&#10;For documentation on this error, please visit: https://www.seleniumhq.org/exceptions/no_such_element.html&#10;Build info: version: &apos;3.141.59&apos;, revision: &apos;e82be7d358&apos;, time: &apos;2018-11-14T08:17:03&apos;&#10;System info: host: &apos;DESKTOP-3M1HFB0&apos;, ip: &apos;192.168.0.13&apos;, os.name: &apos;Windows 10&apos;, os.arch: &apos;amd64&apos;, os.version: &apos;10.0&apos;, java.version: &apos;1.8.0_121&apos;&#10;Driver info: org.openqa.selenium.chrome.ChromeDriver&#10;Capabilities {acceptInsecureCerts: false, browserName: chrome, browserVersion: 89.0.4389.90, chrome: {chromedriverVersion: 89.0.4389.23 (61b08ee2c5002..., userDataDir: C:\Users\HEMALS~1\AppData\L...}, goog:chromeOptions: {debuggerAddress: localhost:56340}, javascriptEnabled: true, networkConnectionEnabled: false, pageLoadStrategy: normal, platform: WINDOWS, platformName: WINDOWS, proxy: Proxy(), setWindowRect: true, strictFileInteractability: false, timeouts: {implicit: 0, pageLoad: 300000, script: 30000}, unhandledPromptBehavior: dismiss and notify, webauthn:extension:largeBlob: true, webauthn:virtualAuthenticators: true}&#10;Session ID: 52c86200289e888b97495dcb80a3d87c&#10;*** Element info: {Using=xpath, value=//span[@class=&apos;field-validation-error&apos;]}" type="org.openqa.selenium.NoSuchElementException">org.openqa.selenium.NoSuchElementException: 
no such element: Unable to locate element: {"method":"xpath","selector":"//span[@class='field-validation-error']"}
  (Session info: chrome=89.0.4389.90)
For documentation on this error, please visit: https://www.seleniumhq.org/exceptions/no_such_element.html
Build info: version: '3.141.59', revision: 'e82be7d358', time: '2018-11-14T08:17:03'
System info: host: 'DESKTOP-3M1HFB0', ip: '192.168.0.13', os.name: 'Windows 10', os.arch: 'amd64', os.version: '10.0', java.version: '1.8.0_121'
Driver info: org.openqa.selenium.chrome.ChromeDriver
Capabilities {acceptInsecureCerts: false, browserName: chrome, browserVersion: 89.0.4389.90, chrome: {chromedriverVersion: 89.0.4389.23 (61b08ee2c5002..., userDataDir: C:\Users\HEMALS~1\AppData\L...}, goog:chromeOptions: {debuggerAddress: localhost:56340}, javascriptEnabled: true, networkConnectionEnabled: false, pageLoadStrategy: normal, platform: WINDOWS, platformName: WINDOWS, proxy: Proxy(), setWindowRect: true, strictFileInteractability: false, timeouts: {implicit: 0, pageLoad: 300000, script: 30000}, unhandledPromptBehavior: dismiss and notify, webauthn:extension:largeBlob: true, webauthn:virtualAuthenticators: true}
Session ID: 52c86200289e888b97495dcb80a3d87c
*** Element info: {Using=xpath, value=//span[@class='field-validation-error']}
</error>
  </testcase>
  <testcase name="Then User should see the error message &quot;The password and confirmation password do not match.&quot; on register page" classname="| leicester1 | Male | 2123 | 2 | May | 2009 | abc@gmail.com |  | abc123 | Password is required. | The password and confirmation password do not match. |" time="0">
    <skipped/>
  </testcase>
</testsuite>